<?xml version="1.0" encoding="UTF-8"?>
<!-- Generated by org.testng.reporters.JUnitXMLReporter -->
<testsuite ignored="1" hostname="USPL-310" failures="0" tests="1" name="Default test" time="17.034" errors="0" timestamp="2026-05-08T13:50:22 IST">
  <testcase classname="selenium_learning.HoverDragDrop" name="dragDropTest" time="15.86"/>
  <testcase classname="selenium_learning.HoverDragDrop" name="hoverTest" time="0.0">
    <ignored/>
  </testcase> <!-- hoverTest -->
</testsuite> <!-- Default test -->
