<?xml version="1.0" encoding="UTF-8"?>
<!-- Generated by org.testng.reporters.JUnitXMLReporter -->
<testsuite ignored="1" hostname="USPL-310" failures="0" tests="1" name="Default test" time="13.544" errors="0" timestamp="2026-05-11T12:04:09 IST">
  <testcase classname="selenium_learning.UIWidgetsTest" name="checkboxesTest" time="12.454"/>
  <testcase classname="selenium_learning.UIWidgetsTest" name="radioButtonsTest" time="0.0">
    <ignored/>
  </testcase> <!-- radioButtonsTest -->
</testsuite> <!-- Default test -->
