<?xml version="1.0" encoding="UTF-8"?>
<testng-results ignored="0" total="1" passed="1" failed="0" skipped="0">
  <reporter-output>
  </reporter-output>
  <suite started-at="2025-04-19T14:52:57 IST" name="Default suite" finished-at="2025-04-19T14:52:57 IST" duration-ms="261">
    <groups>
    </groups>
    <test started-at="2025-04-19T14:52:57 IST" name="Default test" finished-at="2025-04-19T14:52:57 IST" duration-ms="261">
      <class name="coreJava.PS1">
        <test-method is-config="true" signature="beforeRun()[pri:0, instance:coreJava.PS1@26794848]" started-at="2025-04-19T14:52:57 IST" name="beforeRun" finished-at="2025-04-19T14:52:57 IST" duration-ms="24" status="PASS">
          <reporter-output>
          </reporter-output>
        </test-method> <!-- beforeRun -->
        <test-method signature="testRun()[pri:0, instance:coreJava.PS1@26794848]" started-at="2025-04-19T14:52:57 IST" name="testRun" finished-at="2025-04-19T14:52:57 IST" duration-ms="21" status="PASS">
          <reporter-output>
          </reporter-output>
        </test-method> <!-- testRun -->
        <test-method is-config="true" signature="afterRun()[pri:0, instance:coreJava.PS1@26794848]" started-at="2025-04-19T14:52:57 IST" name="afterRun" finished-at="2025-04-19T14:52:57 IST" duration-ms="1" status="PASS">
          <reporter-output>
          </reporter-output>
        </test-method> <!-- afterRun -->
      </class> <!-- coreJava.PS1 -->
    </test> <!-- Default test -->
  </suite> <!-- Default suite -->
</testng-results>
