<?xml version="1.0" encoding="UTF-8"?>
<testng-results ignored="6" total="11" passed="5" failed="0" skipped="0">
  <reporter-output>
  </reporter-output>
  <suite started-at="2025-04-16T16:05:02 IST" name="Loan Department" finished-at="2025-04-16T16:05:03 IST" duration-ms="110">
    <groups>
      <group name="Smoke">
        <method signature="Day2.ploan()[pri:0, instance:basics.Day2@a514af7]" name="ploan" class="basics.Day2"/>
        <method signature="Day4.mobileLoginHomeLoan()[pri:0, instance:basics.Day4@6b927fb]" name="mobileLoginHomeLoan" class="basics.Day4"/>
      </group> <!-- Smoke -->
    </groups>
    <test started-at="2025-04-16T16:05:02 IST" name="Personal Loan" finished-at="2025-04-16T16:05:03 IST" duration-ms="49">
      <class name="basics.Day2">
        <test-method is-config="true" signature="preRequiste()[pri:0, instance:basics.Day2@a514af7]" started-at="2025-04-16T16:05:03 IST" name="preRequiste" finished-at="2025-04-16T16:05:03 IST" duration-ms="1" status="PASS">
          <reporter-output>
          </reporter-output>
        </test-method> <!-- preRequiste -->
        <test-method signature="ploan()[pri:0, instance:basics.Day2@a514af7]" started-at="2025-04-16T16:05:03 IST" name="ploan" finished-at="2025-04-16T16:05:03 IST" duration-ms="4" status="PASS">
          <reporter-output>
          </reporter-output>
        </test-method> <!-- ploan -->
        <test-method is-config="true" signature="lastExecution()[pri:0, instance:basics.Day2@a514af7]" started-at="2025-04-16T16:05:03 IST" name="lastExecution" finished-at="2025-04-16T16:05:03 IST" duration-ms="1" status="PASS">
          <reporter-output>
          </reporter-output>
        </test-method> <!-- lastExecution -->
      </class> <!-- basics.Day2 -->
      <class name="basics.Day4">
        <test-method signature="loginAPIHomeLoan()[pri:0, instance:basics.Day4@6b927fb]" started-at="2025-04-16T16:05:03 IST" name="loginAPIHomeLoan" finished-at="2025-04-16T16:05:03 IST" duration-ms="2" status="PASS">
          <reporter-output>
          </reporter-output>
        </test-method> <!-- loginAPIHomeLoan -->
        <test-method signature="mobileLoginHomeLoan()[pri:0, instance:basics.Day4@6b927fb]" started-at="2025-04-16T16:05:03 IST" name="mobileLoginHomeLoan" finished-at="2025-04-16T16:05:03 IST" duration-ms="1" status="PASS">
          <reporter-output>
          </reporter-output>
        </test-method> <!-- mobileLoginHomeLoan -->
        <test-method signature="webLoginHomeLoan(java.lang.String)[pri:0, instance:basics.Day4@6b927fb]" started-at="2025-04-16T16:05:03 IST" name="webLoginHomeLoan" finished-at="2025-04-16T16:05:03 IST" duration-ms="2" status="PASS">
          <params>
            <param index="0">
              <value>
                <![CDATA[qaclickacademy.com]]>
              </value>
            </param>
          </params>
          <reporter-output>
          </reporter-output>
        </test-method> <!-- webLoginHomeLoan -->
      </class> <!-- basics.Day4 -->
    </test> <!-- Personal Loan -->
    <test started-at="2025-04-16T16:05:03 IST" name="Car Loan" finished-at="2025-04-16T16:05:03 IST" duration-ms="7">
      <class name="basics.Day1">
        <test-method is-config="true" signature="afSuite()[pri:0, instance:basics.Day1@6356695f]" started-at="2025-04-16T16:05:03 IST" name="afSuite" finished-at="2025-04-16T16:05:03 IST" duration-ms="0" status="PASS">
          <reporter-output>
          </reporter-output>
        </test-method> <!-- afSuite -->
      </class> <!-- basics.Day1 -->
      <class name="basics.Day3">
        <test-method is-config="true" signature="bfSuite()[pri:0, instance:basics.Day3@3023df74]" started-at="2025-04-16T16:05:02 IST" name="bfSuite" finished-at="2025-04-16T16:05:02 IST" duration-ms="9" status="PASS">
          <reporter-output>
          </reporter-output>
        </test-method> <!-- bfSuite -->
        <test-method is-config="true" signature="beforeClass()[pri:0, instance:basics.Day3@3023df74]" started-at="2025-04-16T16:05:03 IST" name="beforeClass" finished-at="2025-04-16T16:05:03 IST" duration-ms="0" status="PASS">
          <reporter-output>
          </reporter-output>
        </test-method> <!-- beforeClass -->
        <test-method is-config="true" signature="beforeEvery()[pri:0, instance:basics.Day3@3023df74]" started-at="2025-04-16T16:05:03 IST" name="beforeEvery" finished-at="2025-04-16T16:05:03 IST" duration-ms="1" status="PASS">
          <reporter-output>
          </reporter-output>
        </test-method> <!-- beforeEvery -->
        <test-method signature="webLoginCarLoan(java.lang.String,java.lang.String)[pri:0, instance:basics.Day3@3023df74]" started-at="2025-04-16T16:05:03 IST" name="webLoginCarLoan" finished-at="2025-04-16T16:05:03 IST" duration-ms="1" status="PASS">
          <params>
            <param index="0">
              <value>
                <![CDATA[qaclickacademy.com]]>
              </value>
            </param>
            <param index="1">
              <value>
                <![CDATA[12345]]>
              </value>
            </param>
          </params>
          <reporter-output>
          </reporter-output>
        </test-method> <!-- webLoginCarLoan -->
        <test-method is-config="true" signature="afterEvery()[pri:0, instance:basics.Day3@3023df74]" started-at="2025-04-16T16:05:03 IST" name="afterEvery" finished-at="2025-04-16T16:05:03 IST" duration-ms="1" status="PASS">
          <reporter-output>
          </reporter-output>
        </test-method> <!-- afterEvery -->
        <test-method is-config="true" signature="afterClass()[pri:0, instance:basics.Day3@3023df74]" started-at="2025-04-16T16:05:03 IST" name="afterClass" finished-at="2025-04-16T16:05:03 IST" duration-ms="0" status="PASS">
          <reporter-output>
          </reporter-output>
        </test-method> <!-- afterClass -->
      </class> <!-- basics.Day3 -->
    </test> <!-- Car Loan -->
  </suite> <!-- Loan Department -->
</testng-results>
