<?xml version="1.0" encoding="UTF-8"?>
<testng-results ignored="1" total="5" passed="4" failed="0" skipped="0">
  <reporter-output>
  </reporter-output>
  <suite started-at="2025-04-16T12:53:18 IST" name="Default suite" finished-at="2025-04-16T12:53:18 IST" duration-ms="116">
    <groups>
      <group name="Smoke">
        <method signature="Day3.mobileSignoutCarLoan()[pri:0, instance:basics.Day3@44ebcd03]" name="mobileSignoutCarLoan" class="basics.Day3"/>
      </group> <!-- Smoke -->
    </groups>
    <test started-at="2025-04-16T12:53:18 IST" name="Default test" finished-at="2025-04-16T12:53:18 IST" duration-ms="116">
      <class name="basics.Day3">
        <test-method is-config="true" signature="bfSuite()[pri:0, instance:basics.Day3@44ebcd03]" started-at="2025-04-16T12:53:18 IST" name="bfSuite" finished-at="2025-04-16T12:53:18 IST" duration-ms="10" status="PASS">
          <reporter-output>
          </reporter-output>
        </test-method> <!-- bfSuite -->
        <test-method is-config="true" signature="beforeClass()[pri:0, instance:basics.Day3@44ebcd03]" started-at="2025-04-16T12:53:18 IST" name="beforeClass" finished-at="2025-04-16T12:53:18 IST" duration-ms="1" status="PASS">
          <reporter-output>
          </reporter-output>
        </test-method> <!-- beforeClass -->
        <test-method is-config="true" signature="beforeEvery()[pri:0, instance:basics.Day3@44ebcd03]" started-at="2025-04-16T12:53:18 IST" name="beforeEvery" finished-at="2025-04-16T12:53:18 IST" duration-ms="0" status="PASS">
          <reporter-output>
          </reporter-output>
        </test-method> <!-- beforeEvery -->
        <test-method signature="mobileSignoutCarLoan()[pri:0, instance:basics.Day3@44ebcd03]" started-at="2025-04-16T12:53:18 IST" name="mobileSignoutCarLoan" finished-at="2025-04-16T12:53:18 IST" duration-ms="4" status="PASS">
          <reporter-output>
          </reporter-output>
        </test-method> <!-- mobileSignoutCarLoan -->
        <test-method is-config="true" signature="afterEvery()[pri:0, instance:basics.Day3@44ebcd03]" started-at="2025-04-16T12:53:18 IST" name="afterEvery" finished-at="2025-04-16T12:53:18 IST" duration-ms="0" status="PASS">
          <reporter-output>
          </reporter-output>
        </test-method> <!-- afterEvery -->
        <test-method signature="webLoginCarLoan()[pri:0, instance:basics.Day3@44ebcd03]" started-at="2025-04-16T12:53:18 IST" name="webLoginCarLoan" finished-at="2025-04-16T12:53:18 IST" duration-ms="2" status="PASS">
          <reporter-output>
          </reporter-output>
        </test-method> <!-- webLoginCarLoan -->
        <test-method is-config="true" signature="beforeEvery()[pri:0, instance:basics.Day3@44ebcd03]" started-at="2025-04-16T12:53:18 IST" name="beforeEvery" finished-at="2025-04-16T12:53:18 IST" duration-ms="0" status="PASS">
          <reporter-output>
          </reporter-output>
        </test-method> <!-- beforeEvery -->
        <test-method is-config="true" signature="afterEvery()[pri:0, instance:basics.Day3@44ebcd03]" started-at="2025-04-16T12:53:18 IST" name="afterEvery" finished-at="2025-04-16T12:53:18 IST" duration-ms="0" status="PASS">
          <reporter-output>
          </reporter-output>
        </test-method> <!-- afterEvery -->
        <test-method is-config="true" signature="beforeEvery()[pri:0, instance:basics.Day3@44ebcd03]" started-at="2025-04-16T12:53:18 IST" name="beforeEvery" finished-at="2025-04-16T12:53:18 IST" duration-ms="0" status="PASS">
          <reporter-output>
          </reporter-output>
        </test-method> <!-- beforeEvery -->
        <test-method signature="mobileLoginCarLoan()[pri:0, instance:basics.Day3@44ebcd03]" started-at="2025-04-16T12:53:18 IST" name="mobileLoginCarLoan" finished-at="2025-04-16T12:53:18 IST" duration-ms="39" status="PASS">
          <reporter-output>
          </reporter-output>
        </test-method> <!-- mobileLoginCarLoan -->
        <test-method is-config="true" signature="afterEvery()[pri:0, instance:basics.Day3@44ebcd03]" started-at="2025-04-16T12:53:18 IST" name="afterEvery" finished-at="2025-04-16T12:53:18 IST" duration-ms="0" status="PASS">
          <reporter-output>
          </reporter-output>
        </test-method> <!-- afterEvery -->
        <test-method signature="APICarLoan()[pri:0, instance:basics.Day3@44ebcd03]" started-at="2025-04-16T12:53:18 IST" name="APICarLoan" finished-at="2025-04-16T12:53:18 IST" depends-on-methods="basics.Day3.webLoginCarLoan, basics.Day3.mobileSignoutCarLoan" duration-ms="3" status="PASS">
          <reporter-output>
          </reporter-output>
        </test-method> <!-- APICarLoan -->
        <test-method is-config="true" signature="beforeEvery()[pri:0, instance:basics.Day3@44ebcd03]" started-at="2025-04-16T12:53:18 IST" name="beforeEvery" finished-at="2025-04-16T12:53:18 IST" duration-ms="0" status="PASS">
          <reporter-output>
          </reporter-output>
        </test-method> <!-- beforeEvery -->
        <test-method is-config="true" signature="afterEvery()[pri:0, instance:basics.Day3@44ebcd03]" started-at="2025-04-16T12:53:18 IST" name="afterEvery" finished-at="2025-04-16T12:53:18 IST" duration-ms="0" status="PASS">
          <reporter-output>
          </reporter-output>
        </test-method> <!-- afterEvery -->
        <test-method is-config="true" signature="afterClass()[pri:0, instance:basics.Day3@44ebcd03]" started-at="2025-04-16T12:53:18 IST" name="afterClass" finished-at="2025-04-16T12:53:18 IST" duration-ms="0" status="PASS">
          <reporter-output>
          </reporter-output>
        </test-method> <!-- afterClass -->
      </class> <!-- basics.Day3 -->
    </test> <!-- Default test -->
  </suite> <!-- Default suite -->
</testng-results>
