<?xml version="1.0" encoding="UTF-8"?>
<testng-results ignored="0" total="1" passed="1" failed="0" skipped="0">
  <reporter-output>
  </reporter-output>
  <suite started-at="2025-04-15T11:58:59 IST" name="Default suite" finished-at="2025-04-15T11:58:59 IST" duration-ms="48">
    <groups>
    </groups>
    <test started-at="2025-04-15T11:58:59 IST" name="Default test" finished-at="2025-04-15T11:58:59 IST" duration-ms="48">
      <class name="demo">
        <test-method signature="demo()[pri:0, instance:demo@27ce24aa]" started-at="2025-04-15T11:58:59 IST" name="demo" finished-at="2025-04-15T11:58:59 IST" duration-ms="6" status="PASS">
          <reporter-output>
          </reporter-output>
        </test-method> <!-- demo -->
      </class> <!-- demo -->
    </test> <!-- Default test -->
  </suite> <!-- Default suite -->
</testng-results>
