<?xml version="1.0" encoding="UTF-8"?>
<testng-results ignored="8" total="11" passed="3" failed="0" skipped="0">
  <reporter-output>
  </reporter-output>
  <suite started-at="2025-04-16T12:14:42 IST" name="Suite" finished-at="2025-04-16T12:14:42 IST" duration-ms="92">
    <groups>
      <group name="Smoke">
        <method signature="Day2.ploan()[pri:0, instance:basics.Day2@32eff876]" name="ploan" class="basics.Day2"/>
        <method signature="Day3.mobileSignoutCarLoan()[pri:0, instance:basics.Day3@8dbdac1]" name="mobileSignoutCarLoan" class="basics.Day3"/>
        <method signature="Day4.mobileLoginHomeLoan()[pri:0, instance:basics.Day4@6e20b53a]" name="mobileLoginHomeLoan" class="basics.Day4"/>
      </group> <!-- Smoke -->
    </groups>
    <test started-at="2025-04-16T12:14:42 IST" name="Regression" finished-at="2025-04-16T12:14:42 IST" duration-ms="92">
      <class name="basics.Day2">
        <test-method signature="ploan()[pri:0, instance:basics.Day2@32eff876]" started-at="2025-04-16T12:14:42 IST" name="ploan" finished-at="2025-04-16T12:14:42 IST" duration-ms="9" status="PASS">
          <reporter-output>
          </reporter-output>
        </test-method> <!-- ploan -->
      </class> <!-- basics.Day2 -->
      <class name="basics.Day3">
        <test-method signature="mobileSignoutCarLoan()[pri:0, instance:basics.Day3@8dbdac1]" started-at="2025-04-16T12:14:42 IST" name="mobileSignoutCarLoan" finished-at="2025-04-16T12:14:42 IST" duration-ms="2" status="PASS">
          <reporter-output>
          </reporter-output>
        </test-method> <!-- mobileSignoutCarLoan -->
      </class> <!-- basics.Day3 -->
      <class name="basics.Day4">
        <test-method signature="mobileLoginHomeLoan()[pri:0, instance:basics.Day4@6e20b53a]" started-at="2025-04-16T12:14:42 IST" name="mobileLoginHomeLoan" finished-at="2025-04-16T12:14:42 IST" duration-ms="2" status="PASS">
          <reporter-output>
          </reporter-output>
        </test-method> <!-- mobileLoginHomeLoan -->
      </class> <!-- basics.Day4 -->
    </test> <!-- Regression -->
  </suite> <!-- Suite -->
</testng-results>
