<?xml version="1.0" encoding="UTF-8"?>
<testng-results ignored="0" total="1" passed="1" failed="0" skipped="0">
  <reporter-output>
  </reporter-output>
  <suite started-at="2025-05-09T16:28:39 IST" name="Default suite" finished-at="2025-05-09T16:28:42 IST" duration-ms="2660">
    <groups>
    </groups>
    <test started-at="2025-05-09T16:28:39 IST" name="Default test" finished-at="2025-05-09T16:28:42 IST" duration-ms="2660">
      <class name="selenium.CheckLabel">
        <test-method signature="checkLabel()[pri:0, instance:selenium.CheckLabel@3835c46]" started-at="2025-05-09T16:28:39 IST" name="checkLabel" finished-at="2025-05-09T16:28:42 IST" duration-ms="2612" status="PASS">
          <reporter-output>
          </reporter-output>
        </test-method> <!-- checkLabel -->
      </class> <!-- selenium.CheckLabel -->
    </test> <!-- Default test -->
  </suite> <!-- Default suite -->
</testng-results>
