<?xml version="1.0" encoding="UTF-8"?>
<testng-results ignored="3" total="4" passed="1" failed="0" skipped="0">
  <reporter-output>
  </reporter-output>
  <suite started-at="2025-04-29T19:28:25 IST" name="Suite" finished-at="2025-04-29T19:28:32 IST" duration-ms="7664">
    <groups>
      <group name="Purchase">
        <method signature="SubmitOrderTest.SubmitOrder(java.util.HashMap)[pri:0, instance:Ecommerce.Tests.SubmitOrderTest@42e99e4a]" name="SubmitOrder" class="Ecommerce.Tests.SubmitOrderTest"/>
      </group> <!-- Purchase -->
    </groups>
    <test started-at="2025-04-29T19:28:25 IST" name="Error Validations Test" finished-at="2025-04-29T19:28:25 IST" duration-ms="15">
    </test> <!-- Error Validations Test -->
    <test started-at="2025-04-29T19:28:25 IST" name="Submit Order Test" finished-at="2025-04-29T19:28:32 IST" duration-ms="7664">
      <class name="Ecommerce.Tests.SubmitOrderTest">
        <test-method is-config="true" signature="launchApplication()[pri:0, instance:Ecommerce.Tests.SubmitOrderTest@42e99e4a]" started-at="2025-04-29T19:28:25 IST" name="launchApplication" finished-at="2025-04-29T19:28:29 IST" duration-ms="4398" status="PASS">
          <reporter-output>
          </reporter-output>
        </test-method> <!-- launchApplication -->
        <test-method signature="SubmitOrder(java.util.HashMap)[pri:0, instance:Ecommerce.Tests.SubmitOrderTest@42e99e4a]" started-at="2025-04-29T19:28:29 IST" name="SubmitOrder" data-provider="getData" finished-at="2025-04-29T19:28:32 IST" duration-ms="3087" status="PASS">
          <params>
            <param index="0">
              <value>
                <![CDATA[{password=Test@123, email=kartikey2@mightcode.com, productName=ZARA COAT 3}]]>
              </value>
            </param>
          </params>
          <reporter-output>
          </reporter-output>
        </test-method> <!-- SubmitOrder -->
        <test-method is-config="true" signature="tearDown()[pri:0, instance:Ecommerce.Tests.SubmitOrderTest@42e99e4a]" started-at="2025-04-29T19:28:32 IST" name="tearDown" finished-at="2025-04-29T19:28:32 IST" duration-ms="117" status="PASS">
          <reporter-output>
          </reporter-output>
        </test-method> <!-- tearDown -->
      </class> <!-- Ecommerce.Tests.SubmitOrderTest -->
    </test> <!-- Submit Order Test -->
  </suite> <!-- Suite -->
</testng-results>
