<?xml version="1.0" encoding="UTF-8"?>
<!-- Generated by org.testng.reporters.JUnitXMLReporter -->
<testsuite ignored="1" hostname="USPL-310" failures="0" tests="4" name="Default test" time="0.116" errors="0" timestamp="2025-04-16T12:53:18 IST">
  <testcase classname="basics.Day3" name="mobileSignoutCarLoan" time="0.004"/>
  <testcase classname="basics.Day3" name="webLoginCarLoan" time="0.002"/>
  <testcase classname="basics.Day3" name="mobileLoginCarLoan" time="0.039"/>
  <testcase classname="basics.Day3" name="APICarLoan" time="0.003"/>
  <testcase classname="basics.Day3" name="mobileSigninCarLoan" time="0.0">
    <ignored/>
  </testcase> <!-- mobileSigninCarLoan -->
</testsuite> <!-- Default test -->
