<?xml version="1.0" encoding="UTF-8"?>
<testng-results ignored="0" total="1" passed="1" failed="0" skipped="0">
  <reporter-output>
  </reporter-output>
  <suite started-at="2025-04-24T18:22:05 IST" name="Default suite" finished-at="2025-04-24T18:22:12 IST" duration-ms="7177">
    <groups>
    </groups>
    <test started-at="2025-04-24T18:22:05 IST" name="Default test" finished-at="2025-04-24T18:22:12 IST" duration-ms="7177">
      <class name="Test.DriverClass">
        <test-method signature="Login()[pri:0, instance:Test.DriverClass@3c407114]" started-at="2025-04-24T18:22:05 IST" name="Login" finished-at="2025-04-24T18:22:12 IST" duration-ms="7143" status="PASS">
          <reporter-output>
          </reporter-output>
        </test-method> <!-- Login -->
      </class> <!-- Test.DriverClass -->
    </test> <!-- Default test -->
  </suite> <!-- Default suite -->
</testng-results>
