<?xml version="1.0" encoding="UTF-8"?>
<testng-results ignored="0" total="1" passed="1" failed="0" skipped="0">
  <reporter-output>
  </reporter-output>
  <suite started-at="2025-05-01T17:50:26 IST" name="Default suite" finished-at="2025-05-01T17:50:31 IST" duration-ms="5109">
    <groups>
    </groups>
    <test started-at="2025-05-01T17:50:26 IST" name="Default test" finished-at="2025-05-01T17:50:31 IST" duration-ms="5109">
      <class name="eCare.Test.DriverClass">
        <test-method is-config="true" signature="launchApplication()[pri:0, instance:eCare.Test.DriverClass@32eff876]" started-at="2025-05-01T17:50:26 IST" name="launchApplication" finished-at="2025-05-01T17:50:28 IST" duration-ms="2287" status="PASS">
          <reporter-output>
          </reporter-output>
        </test-method> <!-- launchApplication -->
        <test-method signature="OpdDoctorFlow()[pri:0, instance:eCare.Test.DriverClass@32eff876]" started-at="2025-05-01T17:50:28 IST" name="OpdDoctorFlow" finished-at="2025-05-01T17:50:31 IST" duration-ms="2776" status="PASS">
          <reporter-output>
          </reporter-output>
        </test-method> <!-- OpdDoctorFlow -->
      </class> <!-- eCare.Test.DriverClass -->
    </test> <!-- Default test -->
  </suite> <!-- Default suite -->
</testng-results>
