<?xml version="1.0" encoding="UTF-8"?>
<testng-results ignored="0" total="1" passed="1" failed="0" skipped="0">
  <reporter-output>
  </reporter-output>
  <suite started-at="2025-04-30T13:15:32 IST" name="Default suite" finished-at="2025-04-30T13:15:35 IST" duration-ms="3148">
    <groups>
    </groups>
    <test started-at="2025-04-30T13:15:32 IST" name="Default test" finished-at="2025-04-30T13:15:35 IST" duration-ms="3148">
      <class name="deepalisingh.ExtentReports.ExtentReportDemo">
        <test-method is-config="true" signature="config()[pri:0, instance:deepalisingh.ExtentReports.ExtentReportDemo@32eff876]" started-at="2025-04-30T13:15:32 IST" name="config" finished-at="2025-04-30T13:15:32 IST" duration-ms="158" status="PASS">
          <reporter-output>
          </reporter-output>
        </test-method> <!-- config -->
        <test-method signature="intialDemo()[pri:0, instance:deepalisingh.ExtentReports.ExtentReportDemo@32eff876]" started-at="2025-04-30T13:15:32 IST" name="intialDemo" finished-at="2025-04-30T13:15:35 IST" duration-ms="2961" status="PASS">
          <reporter-output>
          </reporter-output>
        </test-method> <!-- intialDemo -->
      </class> <!-- deepalisingh.ExtentReports.ExtentReportDemo -->
    </test> <!-- Default test -->
  </suite> <!-- Default suite -->
</testng-results>
