<?xml version="1.0" encoding="UTF-8"?>
<!-- Generated by org.testng.reporters.JUnitXMLReporter -->
<testsuite ignored="2" hostname="USPL-310" failures="1" tests="7" name="Car Loan" time="0.04" errors="0" timestamp="2025-04-16T17:59:48 IST">
  <testcase classname="basics.Day3" name="mobileLoginCarLoan" time="0.002"/>
  <testcase classname="basics.Day3" name="mobileLoginCarLoan" time="0.001"/>
  <testcase classname="basics.Day3" name="mobileLoginCarLoan" time="0.002"/>
  <testcase classname="basics.Day3" name="mobileSignoutCarLoan" time="0.002"/>
  <testcase classname="basics.Day3" name="webLoginCarLoan" time="0.001"/>
  <testcase classname="basics.Day1" name="demo" time="0.001">
    <failure type="java.lang.AssertionError" message="expected [true] but found [false]">
      <![CDATA[java.lang.AssertionError: expected [true] but found [false]
at basics.Day1.demo(Day1.java:14)
at java.base/java.util.ArrayList.forEach(ArrayList.java:1511)
... Removed 31 stack frames]]>
    </failure>
  </testcase> <!-- demo -->
  <testcase classname="basics.Day1" name="secondTest" time="0.002"/>
  <testcase classname="basics.Day3" name="mobileSigninCarLoan" time="0.0">
    <ignored/>
  </testcase> <!-- mobileSigninCarLoan -->
  <testcase classname="basics.Day3" name="APICarLoan" time="0.0">
    <ignored/>
  </testcase> <!-- APICarLoan -->
</testsuite> <!-- Car Loan -->
