<?xml version="1.0" encoding="UTF-8"?>
<!-- Generated by org.testng.reporters.JUnitXMLReporter -->
<testsuite ignored="2" hostname="USPL-310" failures="0" tests="4" name="Personal Loan" time="0.071" errors="0" timestamp="2025-04-16T16:35:48 IST">
  <testcase classname="basics.Day2" name="ploan" time="0.006"/>
  <testcase classname="basics.Day4" name="loginAPIHomeLoan" time="0.002"/>
  <testcase classname="basics.Day4" name="mobileLoginHomeLoan" time="0.002"/>
  <testcase classname="basics.Day4" name="webLoginHomeLoan" time="0.004"/>
  <testcase classname="basics.Day1" name="demo" time="0.0">
    <ignored/>
  </testcase> <!-- demo -->
  <testcase classname="basics.Day1" name="secondTest" time="0.0">
    <ignored/>
  </testcase> <!-- secondTest -->
</testsuite> <!-- Personal Loan -->
