<?xml version="1.0" encoding="UTF-8"?>
<!-- Generated by org.testng.reporters.JUnitReportReporter -->
<testsuite hostname="USPL-310" failures="0" tests="3" name="selenium_learning.MouseActionsTest" time="38.338" errors="0" timestamp="2026-05-07T18:08:54 IST" skipped="0">
  <testcase classname="selenium_learning.MouseActionsTest" name="righClickTest" time="10.784"/>
  <testcase classname="selenium_learning.MouseActionsTest" name="clickTest" time="16.623"/>
  <testcase classname="selenium_learning.MouseActionsTest" name="doubleClickTest" time="10.931"/>
</testsuite> <!-- selenium_learning.MouseActionsTest -->
