<?xml version="1.0" encoding="UTF-8"?>
<!-- Generated by org.testng.reporters.JUnitXMLReporter -->
<testsuite ignored="7" hostname="USPL-310" failures="1" tests="1" name="Book Appointment" time="32.447" errors="0" timestamp="2025-05-08T16:05:11 IST">
  <testcase classname="eCare.Test.DriverClass" name="OpdLabTechnician" time="10.232">
    <failure type="org.openqa.selenium.StaleElementReferenceException" message="stale element reference: stale element not found in the current frame
  (Session info: chrome=135.0.7049.52)
For documentation on this error, please visit: https://www.selenium.dev/documentation/webdriver/troubleshooting/errors#stale-element-reference-exception
Build info: version: &amp;apos;4.29.0&amp;apos;, revision: &amp;apos;5fc1ec94cb&amp;apos;
System info: os.name: &amp;apos;Linux&amp;apos;, os.arch: &amp;apos;amd64&amp;apos;, os.version: &amp;apos;5.15.0-136-generic&amp;apos;, java.version: &amp;apos;17.0.14&amp;apos;
Driver info: org.openqa.selenium.chrome.ChromeDriver
Command: [f383d449ca75d39148407a79a3eb1541, clickElement {id=f.D6EFF5D77EE5343B7F2DF8347078FCDE.d.C0EE54B233A0D951FCBCDB1D6F149068.e.100}]
Capabilities {acceptInsecureCerts: false, browserName: chrome, browserVersion: 135.0.7049.52, chrome: {chromedriverVersion: 135.0.7049.114 (63fd8a7d9d0..., userDataDir: /tmp/.org.chromium.Chromium...}, fedcm:accounts: true, goog:chromeOptions: {debuggerAddress: localhost:35575}, networkConnectionEnabled: false, pageLoadStrategy: normal, platformName: linux, proxy: Proxy(), se:cdp: ws://localhost:35575/devtoo..., se:cdpVersion: 135.0.7049.52, setWindowRect: true, strictFileInteractability: false, timeouts: {implicit: 0, pageLoad: 300000, script: 30000}, unhandledPromptBehavior: dismiss and notify, webauthn:extension:credBlob: true, webauthn:extension:largeBlob: true, webauthn:extension:minPinLength: true, webauthn:extension:prf: true, webauthn:virtualAuthenticators: true}
Element: [[ChromeDriver: chrome on linux (f383d449ca75d39148407a79a3eb1541)] -&amp;gt; xpath: //span[contains(text(),&amp;apos;Add&amp;apos;)]]
Session ID: f383d449ca75d39148407a79a3eb1541">
      <![CDATA[org.openqa.selenium.StaleElementReferenceException: stale element reference: stale element not found in the current frame
  (Session info: chrome=135.0.7049.52)
For documentation on this error, please visit: https://www.selenium.dev/documentation/webdriver/troubleshooting/errors#stale-element-reference-exception
Build info: version: '4.29.0', revision: '5fc1ec94cb'
System info: os.name: 'Linux', os.arch: 'amd64', os.version: '5.15.0-136-generic', java.version: '17.0.14'
Driver info: org.openqa.selenium.chrome.ChromeDriver
Command: [f383d449ca75d39148407a79a3eb1541, clickElement {id=f.D6EFF5D77EE5343B7F2DF8347078FCDE.d.C0EE54B233A0D951FCBCDB1D6F149068.e.100}]
Capabilities {acceptInsecureCerts: false, browserName: chrome, browserVersion: 135.0.7049.52, chrome: {chromedriverVersion: 135.0.7049.114 (63fd8a7d9d0..., userDataDir: /tmp/.org.chromium.Chromium...}, fedcm:accounts: true, goog:chromeOptions: {debuggerAddress: localhost:35575}, networkConnectionEnabled: false, pageLoadStrategy: normal, platformName: linux, proxy: Proxy(), se:cdp: ws://localhost:35575/devtoo..., se:cdpVersion: 135.0.7049.52, setWindowRect: true, strictFileInteractability: false, timeouts: {implicit: 0, pageLoad: 300000, script: 30000}, unhandledPromptBehavior: dismiss and notify, webauthn:extension:credBlob: true, webauthn:extension:largeBlob: true, webauthn:extension:minPinLength: true, webauthn:extension:prf: true, webauthn:virtualAuthenticators: true}
Element: [[ChromeDriver: chrome on linux (f383d449ca75d39148407a79a3eb1541)] -> xpath: //span[contains(text(),'Add')]]
Session ID: f383d449ca75d39148407a79a3eb1541
at org.openqa.selenium.remote.ErrorCodec.decode(ErrorCodec.java:167)
at org.openqa.selenium.remote.codec.w3c.W3CHttpResponseCodec.decode(W3CHttpResponseCodec.java:138)
at org.openqa.selenium.remote.codec.w3c.W3CHttpResponseCodec.decode(W3CHttpResponseCodec.java:50)
at org.openqa.selenium.remote.HttpCommandExecutor.execute(HttpCommandExecutor.java:215)
at org.openqa.selenium.remote.service.DriverCommandExecutor.invokeExecute(DriverCommandExecutor.java:216)
at org.openqa.selenium.remote.service.DriverCommandExecutor.execute(DriverCommandExecutor.java:174)
at org.openqa.selenium.remote.RemoteWebDriver.execute(RemoteWebDriver.java:545)
at org.openqa.selenium.remote.RemoteWebElement.execute(RemoteWebElement.java:223)
at org.openqa.selenium.remote.RemoteWebElement.click(RemoteWebElement.java:76)
at eCare.PageObjects.OpdLabTechnicianPage.fillReport(OpdLabTechnicianPage.java:59)
at java.base/java.util.ArrayList$ArrayListSpliterator.forEachRemaining(ArrayList.java:1625)
at java.base/java.util.stream.ReferencePipeline$Head.forEach(ReferencePipeline.java:762)
at eCare.PageObjects.OpdLabTechnicianPage.clickAddReport(OpdLabTechnicianPage.java:55)
at eCare.Test.DriverClass.OpdLabTechnician(DriverClass.java:118)
at java.base/java.util.ArrayList.forEach(ArrayList.java:1511)
... Removed 32 stack frames]]>
    </failure>
  </testcase> <!-- OpdLabTechnician -->
  <testcase classname="eCare.Test.DriverClass" name="OpdLabBooking" time="0.0">
    <ignored/>
  </testcase> <!-- OpdLabBooking -->
  <testcase classname="eCare.Test.DriverClass" name="Registration" time="0.0">
    <ignored/>
  </testcase> <!-- Registration -->
  <testcase classname="eCare.Test.DriverClass" name="BookAppointment" time="0.0">
    <ignored/>
  </testcase> <!-- BookAppointment -->
  <testcase classname="eCare.Test.DriverClass" name="OpdLabPhlebotomist" time="0.0">
    <ignored/>
  </testcase> <!-- OpdLabPhlebotomist -->
  <testcase classname="eCare.Test.DriverClass" name="OpdLabFO" time="0.0">
    <ignored/>
  </testcase> <!-- OpdLabFO -->
  <testcase classname="eCare.Test.DriverClass" name="OpdPharmacyBooking" time="0.0">
    <ignored/>
  </testcase> <!-- OpdPharmacyBooking -->
  <testcase classname="eCare.Test.DriverClass" name="OpdDoctorFlow" time="0.0">
    <ignored/>
  </testcase> <!-- OpdDoctorFlow -->
</testsuite> <!-- Book Appointment -->
