<?xml version="1.0" encoding="UTF-8"?>
<!-- Generated by org.testng.reporters.JUnitXMLReporter -->
<testsuite ignored="0" hostname="USPL-310" failures="0" tests="5" name="Book Appointment" time="112.154" errors="0" timestamp="2025-05-05T14:45:53 IST">
  <testcase classname="eCare.Test.DriverClass" name="Registration" time="11.662"/>
  <testcase classname="eCare.Test.DriverClass" name="BookAppointment" time="14.734"/>
  <testcase classname="eCare.Test.DriverClass" name="OpdDoctorFlow" time="45.362"/>
  <testcase classname="eCare.Test.DriverClass" name="OpdLabBooking" time="13.558"/>
  <testcase classname="eCare.Test.DriverClass" name="OpdPharmacyBooking" time="16.633"/>
</testsuite> <!-- Book Appointment -->
