<?xml version="1.0" encoding="UTF-8"?>
<!-- Generated by org.testng.reporters.JUnitXMLReporter -->
<testsuite ignored="0" hostname="USPL-310" failures="0" tests="3" name="Default test" time="73.07" errors="0" timestamp="2025-05-02T17:47:28 IST">
  <testcase classname="eCare.Test.DriverClass" name="Registration" time="11.663"/>
  <testcase classname="eCare.Test.DriverClass" name="BookAppointment" time="15.05"/>
  <testcase classname="eCare.Test.DriverClass" name="OpdDoctorFlow" time="40.613"/>
</testsuite> <!-- Default test -->
